<?xml version="1.0" encoding="UTF-8"?>
<!-- Generated by org.testng.reporters.JUnitReportReporter -->
<testsuite hostname="DESKTOP-20BIKE2" failures="0" tests="1" name="ai.DS.apps.Testlayer.SampleClass" time="0.019" errors="0" timestamp="2023-01-06T18:39:37 IST" skipped="0">
  <testcase classname="ai.DS.apps.Testlayer.SampleClass" name="sample1" time="0.019"/>
  <system-out/>
</testsuite> <!-- ai.DS.apps.Testlayer.SampleClass -->
