<?xml version="1.0" encoding="UTF-8"?>
<!-- Generated by org.testng.reporters.JUnitReportReporter -->
<testsuite hostname="LAPTOP-GOS6NKMF" failures="0" tests="1" name="ai.DS.apps.Testbase.TestBase" time="4.706" errors="0" timestamp="2022-12-24T20:47:07 IST" skipped="0">
  <testcase classname="ai.DS.apps.Testbase.TestBase" name="SetUpBrowser" time="4.706"/>
  <system-out/>
</testsuite> <!-- ai.DS.apps.Testbase.TestBase -->
