<?xml version="1.0" encoding="UTF-8"?>
<!-- Generated by org.testng.reporters.JUnitReportReporter -->
<testsuite hostname="LAPTOP-GOS6NKMF" failures="0" tests="1" name="ai.DS.apps.Testlayer.BuyFuctionalityScenario" time="19.980" errors="0" timestamp="2023-01-04T14:21:30 IST" skipped="0">
  <testcase classname="ai.DS.apps.Testlayer.BuyFuctionalityScenario" name="verifyBuyFuctionality" time="19.980"/>
  <system-out/>
</testsuite> <!-- ai.DS.apps.Testlayer.BuyFuctionalityScenario -->
