<?xml version="1.0" encoding="UTF-8"?>
<!-- Generated by org.testng.reporters.JUnitReportReporter -->
<testsuite hostname="LAPTOP-GOS6NKMF" failures="0" tests="1" name="ai.DS.apps.Testlayer.BuyatIntradayMarket" time="18.668" errors="0" timestamp="2023-01-04T14:21:30 IST" skipped="0">
  <testcase classname="ai.DS.apps.Testlayer.BuyatIntradayMarket" name="VerifyBuyatIntradayMarket" time="18.668"/>
  <system-out/>
</testsuite> <!-- ai.DS.apps.Testlayer.BuyatIntradayMarket -->
